# This file may be used to create an environment using:
# $ conda create --name <env> --file <this file>
# platform: linux-64
@EXPLICIT
https://conda.anaconda.org/pytorch/noarch/cpuonly-1.0-0.tar.bz2
https://conda.anaconda.org/conda-forge/linux-64/_libgcc_mutex-0.1-conda_forge.tar.bz2
https://conda.anaconda.org/conda-forge/linux-64/arrow-cpp-proc-3.0.0-cuda.tar.bz2
https://conda.anaconda.org/conda-forge/linux-64/ca-certificates-2021.10.8-ha878542_0.tar.bz2
https://conda.anaconda.org/rapidsai/linux-64/faiss-proc-1.0.0-cuda.tar.bz2
https://conda.anaconda.org/conda-forge/noarch/font-ttf-dejavu-sans-mono-2.37-hab24e00_0.tar.bz2
https://conda.anaconda.org/conda-forge/noarch/font-ttf-inconsolata-3.000-h77eed37_0.tar.bz2
https://conda.anaconda.org/conda-forge/noarch/font-ttf-source-code-pro-2.038-h77eed37_0.tar.bz2
https://conda.anaconda.org/conda-forge/noarch/font-ttf-ubuntu-0.83-hab24e00_0.tar.bz2
https://repo.anaconda.com/pkgs/main/linux-64/intel-openmp-2021.4.0-h06a4308_3561.conda
https://conda.anaconda.org/conda-forge/linux-64/ld_impl_linux-64-2.36.1-hea4e1c9_2.tar.bz2
https://conda.anaconda.org/conda-forge/linux-64/libgfortran5-11.2.0-h5c6108e_11.tar.bz2
https://conda.anaconda.org/conda-forge/linux-64/libstdcxx-ng-11.2.0-he4da1e4_11.tar.bz2
https://conda.anaconda.org/conda-forge/linux-64/mysql-common-8.0.27-ha770c72_3.tar.bz2
https://conda.anaconda.org/conda-forge/linux-64/pandoc-2.17.0.1-h7f98852_0.tar.bz2
https://conda.anaconda.org/conda-forge/noarch/poppler-data-0.4.11-hd8ed1ab_0.tar.bz2
https://conda.anaconda.org/conda-forge/noarch/tzdata-2021e-he74cb21_0.tar.bz2
https://conda.anaconda.org/rapidsai/linux-64/ucx-proc-1.0.0-gpu.tar.bz2
https://conda.anaconda.org/conda-forge/noarch/fonts-conda-forge-1-0.tar.bz2
https://conda.anaconda.org/conda-forge/linux-64/libgfortran-ng-11.2.0-h69a702a_11.tar.bz2
https://conda.anaconda.org/conda-forge/linux-64/libgomp-11.2.0-h1d223b6_11.tar.bz2
https://conda.anaconda.org/anaconda/linux-64/mkl-2020.2-256.tar.bz2
https://conda.anaconda.org/conda-forge/linux-64/_openmp_mutex-4.5-1_gnu.tar.bz2
https://conda.anaconda.org/conda-forge/noarch/fonts-conda-ecosystem-1-0.tar.bz2
https://conda.anaconda.org/conda-forge/linux-64/libgcc-ng-11.2.0-h1d223b6_11.tar.bz2
https://conda.anaconda.org/conda-forge/linux-64/abseil-cpp-20210324.2-h9c3ff4c_0.tar.bz2
https://conda.anaconda.org/conda-forge/linux-64/alsa-lib-1.2.3-h516909a_0.tar.bz2
https://conda.anaconda.org/conda-forge/linux-64/aws-c-common-0.6.17-h7f98852_0.tar.bz2
https://conda.anaconda.org/conda-forge/linux-64/blosc-1.21.0-h9c3ff4c_0.tar.bz2
https://conda.anaconda.org/conda-forge/linux-64/bzip2-1.0.8-h7f98852_4.tar.bz2
https://conda.anaconda.org/conda-forge/linux-64/c-ares-1.18.1-h7f98852_0.tar.bz2
https://conda.anaconda.org/conda-forge/linux-64/charls-2.2.0-h9c3ff4c_0.tar.bz2
https://conda.anaconda.org/nvidia/linux-64/cudatoolkit-11.0.221-h6bb024c_0.tar.bz2
https://conda.anaconda.org/conda-forge/linux-64/dlpack-0.5-h9c3ff4c_0.tar.bz2
https://conda.anaconda.org/conda-forge/linux-64/expat-2.4.3-h9c3ff4c_0.tar.bz2
https://conda.anaconda.org/conda-forge/linux-64/freexl-1.0.6-h7f98852_0.tar.bz2
https://conda.anaconda.org/conda-forge/linux-64/geos-3.9.1-h9c3ff4c_2.tar.bz2
https://conda.anaconda.org/conda-forge/linux-64/gflags-2.2.2-he1b5a44_1004.tar.bz2
https://conda.anaconda.org/conda-forge/linux-64/giflib-5.2.1-h36c2ea0_2.tar.bz2
https://conda.anaconda.org/conda-forge/linux-64/icu-68.2-h9c3ff4c_0.tar.bz2
https://conda.anaconda.org/conda-forge/linux-64/jbig-2.1-h7f98852_2003.tar.bz2
https://conda.anaconda.org/conda-forge/linux-64/jpeg-9d-h36c2ea0_0.tar.bz2
https://conda.anaconda.org/conda-forge/linux-64/json-c-0.15-h98cffda_0.tar.bz2
https://conda.anaconda.org/conda-forge/linux-64/jxrlib-1.1-h7f98852_2.tar.bz2
https://conda.anaconda.org/conda-forge/linux-64/lerc-3.0-h9c3ff4c_0.tar.bz2
https://conda.anaconda.org/conda-forge/linux-64/libaec-1.0.6-h9c3ff4c_0.tar.bz2
https://conda.anaconda.org/conda-forge/linux-64/libbrotlicommon-1.0.9-h7f98852_6.tar.bz2
https://conda.anaconda.org/conda-forge/linux-64/libdeflate-1.8-h7f98852_0.tar.bz2
https://conda.anaconda.org/conda-forge/linux-64/libev-4.33-h516909a_1.tar.bz2
https://conda.anaconda.org/conda-forge/linux-64/libffi-3.4.2-h7f98852_5.tar.bz2
https://conda.anaconda.org/conda-forge/linux-64/libiconv-1.16-h516909a_0.tar.bz2
https://conda.anaconda.org/conda-forge/linux-64/libnsl-2.0.0-h7f98852_0.tar.bz2
https://conda.anaconda.org/conda-forge/linux-64/libntlm-1.4-h7f98852_1002.tar.bz2
https://conda.anaconda.org/conda-forge/linux-64/libogg-1.3.4-h7f98852_1.tar.bz2
https://conda.anaconda.org/conda-forge/linux-64/libopenblas-0.3.18-pthreads_h8fe5266_0.tar.bz2
https://conda.anaconda.org/conda-forge/linux-64/libopus-1.3.1-h7f98852_1.tar.bz2
https://conda.anaconda.org/conda-forge/linux-64/libsodium-1.0.18-h36c2ea0_1.tar.bz2
https://conda.anaconda.org/conda-forge/linux-64/libspatialindex-1.9.3-h9c3ff4c_4.tar.bz2
https://conda.anaconda.org/conda-forge/linux-64/libutf8proc-2.7.0-h7f98852_0.tar.bz2
https://conda.anaconda.org/conda-forge/linux-64/libuuid-2.32.1-h7f98852_1000.tar.bz2
https://conda.anaconda.org/conda-forge/linux-64/libuv-1.42.0-h7f98852_0.tar.bz2
https://conda.anaconda.org/conda-forge/linux-64/libwebp-base-1.2.1-h7f98852_0.tar.bz2
https://conda.anaconda.org/conda-forge/linux-64/libzlib-1.2.11-h36c2ea0_1013.tar.bz2
https://conda.anaconda.org/conda-forge/linux-64/libzopfli-1.0.3-h9c3ff4c_0.tar.bz2
https://conda.anaconda.org/conda-forge/linux-64/lz4-c-1.9.3-h9c3ff4c_1.tar.bz2
https://conda.anaconda.org/conda-forge/linux-64/ncurses-6.2-h58526e2_4.tar.bz2
https://conda.anaconda.org/conda-forge/linux-64/nspr-4.32-h9c3ff4c_1.tar.bz2
https://conda.anaconda.org/conda-forge/linux-64/openssl-1.1.1l-h7f98852_0.tar.bz2
https://conda.anaconda.org/conda-forge/linux-64/pcre-8.45-h9c3ff4c_0.tar.bz2
https://conda.anaconda.org/conda-forge/linux-64/pixman-0.40.0-h36c2ea0_0.tar.bz2
https://conda.anaconda.org/conda-forge/linux-64/pthread-stubs-0.4-h36c2ea0_1001.tar.bz2
https://conda.anaconda.org/conda-forge/linux-64/re2-2021.11.01-h9c3ff4c_0.tar.bz2
https://conda.anaconda.org/conda-forge/linux-64/snappy-1.1.8-he1b5a44_3.tar.bz2
https://conda.anaconda.org/conda-forge/linux-64/spdlog-1.8.5-h4bd325d_0.tar.bz2
https://conda.anaconda.org/conda-forge/linux-64/tzcode-2021e-h7f98852_0.tar.bz2
https://conda.anaconda.org/conda-forge/linux-64/xorg-kbproto-1.0.7-h7f98852_1002.tar.bz2
https://conda.anaconda.org/conda-forge/linux-64/xorg-libice-1.0.10-h7f98852_0.tar.bz2
https://conda.anaconda.org/conda-forge/linux-64/xorg-libxau-1.0.9-h7f98852_0.tar.bz2
https://conda.anaconda.org/conda-forge/linux-64/xorg-libxdmcp-1.1.3-h7f98852_0.tar.bz2
https://conda.anaconda.org/conda-forge/linux-64/xorg-renderproto-0.11.1-h7f98852_1002.tar.bz2
https://conda.anaconda.org/conda-forge/linux-64/xorg-xextproto-7.3.0-h7f98852_1002.tar.bz2
https://conda.anaconda.org/conda-forge/linux-64/xorg-xproto-7.0.31-h7f98852_1007.tar.bz2
https://conda.anaconda.org/conda-forge/linux-64/xz-5.2.5-h516909a_1.tar.bz2
https://conda.anaconda.org/conda-forge/linux-64/yaml-0.2.5-h7f98852_2.tar.bz2
https://conda.anaconda.org/conda-forge/linux-64/zfp-0.5.5-h9c3ff4c_8.tar.bz2
https://conda.anaconda.org/conda-forge/linux-64/aws-c-cal-0.5.12-h70efedd_7.tar.bz2
https://conda.anaconda.org/conda-forge/linux-64/aws-c-compression-0.2.14-h7c7754b_7.tar.bz2
https://conda.anaconda.org/conda-forge/linux-64/aws-c-sdkutils-0.1.1-h7c7754b_4.tar.bz2
https://conda.anaconda.org/conda-forge/linux-64/aws-checksums-0.1.12-h7c7754b_6.tar.bz2
https://conda.anaconda.org/conda-forge/linux-64/cudnn-8.2.1.32-h86fa8c9_0.tar.bz2
https://conda.anaconda.org/conda-forge/linux-64/gettext-0.19.8.1-h73d1719_1008.tar.bz2
https://conda.anaconda.org/conda-forge/linux-64/glog-0.5.0-h48cff8f_0.tar.bz2
https://conda.anaconda.org/conda-forge/linux-64/libblas-3.9.0-12_linux64_openblas.tar.bz2
https://conda.anaconda.org/conda-forge/linux-64/libbrotlidec-1.0.9-h7f98852_6.tar.bz2
https://conda.anaconda.org/conda-forge/linux-64/libbrotlienc-1.0.9-h7f98852_6.tar.bz2
https://conda.anaconda.org/conda-forge/linux-64/libedit-3.1.20191231-he28a2e2_2.tar.bz2
https://conda.anaconda.org/conda-forge/linux-64/libevent-2.1.10-h9b69904_4.tar.bz2
https://conda.anaconda.org/rapidsai/linux-64/librmm-21.10.01-cuda11.0_gc54767f_0.tar.bz2
https://conda.anaconda.org/conda-forge/linux-64/librttopo-1.1.0-h1185371_6.tar.bz2
https://conda.anaconda.org/conda-forge/linux-64/libvorbis-1.3.7-h9c3ff4c_0.tar.bz2
https://conda.anaconda.org/conda-forge/linux-64/libxcb-1.13-h7f98852_1004.tar.bz2
https://conda.anaconda.org/conda-forge/linux-64/nccl-2.11.4.1-h17a0586_1.tar.bz2
https://conda.anaconda.org/conda-forge/linux-64/readline-8.1-h46c0cb4_0.tar.bz2
https://conda.anaconda.org/conda-forge/linux-64/s2n-1.3.0-h9b69904_0.tar.bz2
https://conda.anaconda.org/rapidsai/linux-64/ucx-1.11.2+gef2bbcf-cuda11.0_0.tar.bz2
https://conda.anaconda.org/conda-forge/linux-64/xerces-c-3.2.3-h9d8b166_3.tar.bz2
https://conda.anaconda.org/conda-forge/linux-64/xorg-libsm-1.2.3-hd9c2040_1000.tar.bz2
https://conda.anaconda.org/conda-forge/linux-64/zeromq-4.3.4-h9c3ff4c_1.tar.bz2
https://conda.anaconda.org/conda-forge/linux-64/zlib-1.2.11-h36c2ea0_1013.tar.bz2
https://conda.anaconda.org/conda-forge/linux-64/zstd-1.5.1-ha95c52a_0.tar.bz2
https://conda.anaconda.org/conda-forge/linux-64/aws-c-io-0.10.14-he836878_0.tar.bz2
https://conda.anaconda.org/conda-forge/linux-64/boost-cpp-1.74.0-h312852a_4.tar.bz2
https://conda.anaconda.org/conda-forge/linux-64/brotli-bin-1.0.9-h7f98852_6.tar.bz2
https://conda.anaconda.org/conda-forge/linux-64/c-blosc2-2.0.4-h5f21a17_1.tar.bz2
https://conda.anaconda.org/conda-forge/linux-64/hdf4-4.2.15-h10796ff_3.tar.bz2
https://conda.anaconda.org/conda-forge/linux-64/libcblas-3.9.0-12_linux64_openblas.tar.bz2
https://conda.anaconda.org/rapidsai/linux-64/libcucim-21.10.00-cuda11.0_gd7ac21f_0.tar.bz2
https://conda.anaconda.org/nvidia/linux-64/libcumlprims-21.10.00-cuda11.0_g167dc59_0.tar.bz2
https://conda.anaconda.org/conda-forge/linux-64/libglib-2.70.2-h174f98d_1.tar.bz2
https://conda.anaconda.org/conda-forge/linux-64/libgpg-error-1.42-h9c3ff4c_0.tar.bz2
https://conda.anaconda.org/conda-forge/linux-64/liblapack-3.9.0-12_linux64_openblas.tar.bz2
https://conda.anaconda.org/conda-forge/linux-64/libllvm11-11.1.0-hf817b99_2.tar.bz2
https://conda.anaconda.org/conda-forge/linux-64/libnghttp2-1.43.0-h812cca2_1.tar.bz2
https://conda.anaconda.org/conda-forge/linux-64/libpng-1.6.37-h21135ba_2.tar.bz2
https://conda.anaconda.org/conda-forge/linux-64/libprotobuf-3.19.3-h780b84a_0.tar.bz2
https://conda.anaconda.org/conda-forge/linux-64/libssh2-1.10.0-ha56f1ee_2.tar.bz2
https://conda.anaconda.org/conda-forge/linux-64/libthrift-0.15.0-he6d91bd_1.tar.bz2
https://conda.anaconda.org/conda-forge/linux-64/libtiff-4.3.0-h6f004c6_2.tar.bz2
https://conda.anaconda.org/rapidsai/linux-64/libxgboost-1.4.2dev.rapidsai21.10-cuda11.0_0.tar.bz2
https://conda.anaconda.org/conda-forge/linux-64/libxml2-2.9.12-h72842e0_0.tar.bz2
https://conda.anaconda.org/conda-forge/linux-64/libzip-1.8.0-h4de3113_1.tar.bz2
https://conda.anaconda.org/conda-forge/linux-64/mysql-libs-8.0.27-hfa10184_3.tar.bz2
https://conda.anaconda.org/conda-forge/linux-64/nodejs-14.17.4-h92b4a50_0.tar.bz2
https://conda.anaconda.org/conda-forge/linux-64/sqlite-3.37.0-h9cd32fc_0.tar.bz2
https://conda.anaconda.org/conda-forge/linux-64/tiledb-2.3.4-he87e0bf_0.tar.bz2
https://conda.anaconda.org/conda-forge/linux-64/tk-8.6.11-h27826a3_1.tar.bz2
https://conda.anaconda.org/conda-forge/linux-64/xorg-libx11-1.7.2-h7f98852_0.tar.bz2
https://conda.anaconda.org/conda-forge/linux-64/aws-c-event-stream-0.2.7-hd2be095_32.tar.bz2
https://conda.anaconda.org/conda-forge/linux-64/aws-c-http-0.6.10-h416565a_3.tar.bz2
https://conda.anaconda.org/conda-forge/linux-64/brotli-1.0.9-h7f98852_6.tar.bz2
https://conda.anaconda.org/conda-forge/linux-64/dbus-1.13.6-h5008d03_3.tar.bz2
https://conda.anaconda.org/conda-forge/linux-64/freetype-2.10.4-h0708190_1.tar.bz2
https://conda.anaconda.org/conda-forge/linux-64/grpc-cpp-1.42.0-ha1441d3_1.tar.bz2
https://conda.anaconda.org/conda-forge/linux-64/gstreamer-1.18.5-h9f60fe5_3.tar.bz2
https://conda.anaconda.org/conda-forge/linux-64/krb5-1.19.2-hcc1bbae_3.tar.bz2
https://conda.anaconda.org/conda-forge/linux-64/lcms2-2.12-hddcbb42_0.tar.bz2
https://conda.anaconda.org/conda-forge/linux-64/libclang-11.1.0-default_ha53f305_1.tar.bz2
https://conda.anaconda.org/conda-forge/linux-64/libfaiss-1.7.0-cuda110h8045045_8_cuda.tar.bz2
https://conda.anaconda.org/conda-forge/linux-64/libgcrypt-1.9.4-h7f98852_0.tar.bz2
https://conda.anaconda.org/conda-forge/linux-64/libhwloc-2.3.0-h5e5b7d1_1.tar.bz2
https://conda.anaconda.org/conda-forge/linux-64/libkml-1.3.0-h238a007_1014.tar.bz2
https://conda.anaconda.org/conda-forge/linux-64/libwebp-1.2.1-h3452ae3_0.tar.bz2
https://conda.anaconda.org/conda-forge/linux-64/libxkbcommon-1.0.3-he3ba5ed_0.tar.bz2
https://conda.anaconda.org/conda-forge/linux-64/nss-3.74-hb5efdd6_0.tar.bz2
https://conda.anaconda.org/conda-forge/linux-64/openjpeg-2.4.0-hb52868f_1.tar.bz2
https://conda.anaconda.org/conda-forge/linux-64/orc-1.7.1-h1be678f_1.tar.bz2
https://conda.anaconda.org/conda-forge/linux-64/python-3.7.12-hb7a2778_100_cpython.tar.bz2
https://conda.anaconda.org/conda-forge/linux-64/xorg-libxext-1.3.4-h7f98852_1.tar.bz2
https://conda.anaconda.org/conda-forge/linux-64/xorg-libxrender-0.9.10-h7f98852_1003.tar.bz2
https://conda.anaconda.org/conda-forge/noarch/affine-2.3.0-py_0.tar.bz2
https://conda.anaconda.org/conda-forge/noarch/appdirs-1.4.4-pyh9f0ad1d_0.tar.bz2
https://conda.anaconda.org/conda-forge/noarch/asynctest-0.13.0-py_0.tar.bz2
https://conda.anaconda.org/conda-forge/noarch/attrs-21.4.0-pyhd8ed1ab_0.tar.bz2
https://conda.anaconda.org/conda-forge/noarch/autopage-0.4.0-pyhd8ed1ab_0.tar.bz2
https://conda.anaconda.org/conda-forge/linux-64/aws-c-auth-0.6.8-hadad3cd_1.tar.bz2
https://conda.anaconda.org/conda-forge/linux-64/aws-c-mqtt-0.7.10-h885097b_0.tar.bz2
https://conda.anaconda.org/conda-forge/noarch/backcall-0.2.0-pyh9f0ad1d_0.tar.bz2
https://conda.anaconda.org/conda-forge/noarch/backports-1.0-py_2.tar.bz2
https://conda.anaconda.org/conda-forge/linux-64/brunsli-0.1-h9c3ff4c_0.tar.bz2
https://conda.anaconda.org/conda-forge/noarch/cachetools-5.0.0-pyhd8ed1ab_0.tar.bz2
https://conda.anaconda.org/conda-forge/noarch/charset-normalizer-2.0.10-pyhd8ed1ab_0.tar.bz2
https://conda.anaconda.org/conda-forge/noarch/click-7.1.2-pyh9f0ad1d_0.tar.bz2
https://conda.anaconda.org/conda-forge/noarch/cloudpickle-2.0.0-pyhd8ed1ab_0.tar.bz2
https://conda.anaconda.org/conda-forge/noarch/colorama-0.4.4-pyh9f0ad1d_0.tar.bz2
https://conda.anaconda.org/conda-forge/noarch/colour-0.1.5-py_0.tar.bz2
https://conda.anaconda.org/conda-forge/noarch/cycler-0.11.0-pyhd8ed1ab_0.tar.bz2
https://conda.anaconda.org/conda-forge/linux-64/cyrus-sasl-2.1.27-h230043b_5.tar.bz2
https://conda.anaconda.org/conda-forge/noarch/decorator-5.1.1-pyhd8ed1ab_0.tar.bz2
https://conda.anaconda.org/conda-forge/noarch/defusedxml-0.7.1-pyhd8ed1ab_0.tar.bz2
https://conda.anaconda.org/conda-forge/noarch/entrypoints-0.3-pyhd8ed1ab_1003.tar.bz2
https://conda.anaconda.org/conda-forge/noarch/flit-core-3.6.0-pyhd8ed1ab_0.tar.bz2
https://conda.anaconda.org/conda-forge/linux-64/fontconfig-2.13.1-hba837de_1005.tar.bz2
https://conda.anaconda.org/conda-forge/noarch/fsspec-2022.1.0-pyhd8ed1ab_0.tar.bz2
https://conda.anaconda.org/conda-forge/noarch/geojson-2.5.0-py_0.tar.bz2
https://conda.anaconda.org/conda-forge/linux-64/gst-plugins-base-1.18.5-hf529b03_3.tar.bz2
https://conda.anaconda.org/conda-forge/noarch/heapdict-1.0.1-py_0.tar.bz2
https://conda.anaconda.org/conda-forge/noarch/idna-3.3-pyhd8ed1ab_0.tar.bz2
https://conda.anaconda.org/conda-forge/noarch/ipython_genutils-0.2.0-py_1.tar.bz2
https://conda.anaconda.org/conda-forge/noarch/json5-0.9.5-pyh9f0ad1d_0.tar.bz2
https://conda.anaconda.org/conda-forge/noarch/jupyterlab_widgets-1.0.2-pyhd8ed1ab_0.tar.bz2
https://conda.anaconda.org/rapidsai/linux-64/libcugraph-21.10.00-cuda11.0_g84617024_0.tar.bz2
https://conda.anaconda.org/conda-forge/linux-64/libcurl-7.81.0-h2574ce0_0.tar.bz2
https://conda.anaconda.org/conda-forge/linux-64/libgsasl-1.10.0-h5b4c23d_0.tar.bz2
https://conda.anaconda.org/conda-forge/linux-64/libpq-13.5-hd57d9b9_1.tar.bz2
https://conda.anaconda.org/conda-forge/noarch/locket-0.2.0-py_2.tar.bz2
https://conda.anaconda.org/conda-forge/noarch/munkres-1.1.4-pyh9f0ad1d_0.tar.bz2
https://conda.anaconda.org/conda-forge/noarch/nest-asyncio-1.5.4-pyhd8ed1ab_0.tar.bz2
https://repo.anaconda.com/pkgs/main/linux-64/ninja-1.10.2-py37hd09550d_3.conda
https://conda.anaconda.org/conda-forge/noarch/olefile-0.46-pyh9f0ad1d_1.tar.bz2
https://conda.anaconda.org/conda-forge/noarch/pandocfilters-1.5.0-pyhd8ed1ab_0.tar.bz2
https://conda.anaconda.org/conda-forge/noarch/param-1.12.0-pyh6c4a22f_0.tar.bz2
https://conda.anaconda.org/conda-forge/noarch/parso-0.8.3-pyhd8ed1ab_0.tar.bz2
https://conda.anaconda.org/conda-forge/noarch/pickleshare-0.7.5-py_1003.tar.bz2
https://conda.anaconda.org/conda-forge/noarch/prometheus_client-0.12.0-pyhd8ed1ab_0.tar.bz2
https://conda.anaconda.org/conda-forge/noarch/ptyprocess-0.7.0-pyhd3deb0d_0.tar.bz2
https://conda.anaconda.org/conda-forge/noarch/pycparser-2.21-pyhd8ed1ab_0.tar.bz2
https://conda.anaconda.org/conda-forge/noarch/pycrs-1.0.2-py_0.tar.bz2
https://conda.anaconda.org/conda-forge/noarch/pyee-8.1.0-pyh9f0ad1d_0.tar.bz2
https://conda.anaconda.org/conda-forge/noarch/pynvml-11.4.1-pyhd8ed1ab_0.tar.bz2
https://conda.anaconda.org/conda-forge/noarch/pyparsing-3.0.6-pyhd8ed1ab_0.tar.bz2
https://conda.anaconda.org/conda-forge/noarch/pyperclip-1.8.2-pyhd8ed1ab_2.tar.bz2
https://conda.anaconda.org/conda-forge/noarch/pyshp-2.1.3-pyh44b312d_0.tar.bz2
https://conda.anaconda.org/conda-forge/noarch/python-mss-6.1.0-pyhd3deb0d_0.tar.bz2
https://conda.anaconda.org/conda-forge/linux-64/python_abi-3.7-2_cp37m.tar.bz2
https://conda.anaconda.org/conda-forge/noarch/pytz-2021.3-pyhd8ed1ab_0.tar.bz2
https://conda.anaconda.org/conda-forge/noarch/send2trash-1.8.0-pyhd8ed1ab_0.tar.bz2
https://conda.anaconda.org/conda-forge/noarch/simpervisor-0.4-pyhd8ed1ab_0.tar.bz2
https://conda.anaconda.org/conda-forge/noarch/six-1.16.0-pyh6c4a22f_0.tar.bz2
https://conda.anaconda.org/conda-forge/noarch/sortedcontainers-2.4.0-pyhd8ed1ab_0.tar.bz2
https://conda.anaconda.org/conda-forge/noarch/tblib-1.7.0-pyhd8ed1ab_0.tar.bz2
https://conda.anaconda.org/conda-forge/noarch/tenacity-8.0.1-pyhd8ed1ab_0.tar.bz2
https://conda.anaconda.org/conda-forge/noarch/testpath-0.5.0-pyhd8ed1ab_0.tar.bz2
https://conda.anaconda.org/conda-forge/noarch/threadpoolctl-3.0.0-pyh8a188c0_0.tar.bz2
https://conda.anaconda.org/conda-forge/noarch/toml-0.10.2-pyhd8ed1ab_0.tar.bz2
https://conda.anaconda.org/conda-forge/noarch/toolz-0.11.2-pyhd8ed1ab_0.tar.bz2
https://conda.anaconda.org/conda-forge/noarch/traitlets-5.1.1-pyhd8ed1ab_0.tar.bz2
https://conda.anaconda.org/conda-forge/noarch/typing_extensions-4.1.1-pyha770c72_0.tar.bz2
https://conda.anaconda.org/conda-forge/noarch/webencodings-0.5.1-py_1.tar.bz2
https://conda.anaconda.org/conda-forge/noarch/websocket-client-1.2.3-pyhd8ed1ab_0.tar.bz2
https://conda.anaconda.org/conda-forge/noarch/wheel-0.37.1-pyhd8ed1ab_0.tar.bz2
https://conda.anaconda.org/conda-forge/noarch/xyzservices-2022.1.0-pyhd8ed1ab_0.tar.bz2
https://conda.anaconda.org/conda-forge/noarch/zipp-3.7.0-pyhd8ed1ab_0.tar.bz2
https://conda.anaconda.org/conda-forge/linux-64/aws-c-s3-0.1.29-h8d70ed6_0.tar.bz2
https://conda.anaconda.org/conda-forge/noarch/babel-2.9.1-pyh44b312d_0.tar.bz2
https://conda.anaconda.org/conda-forge/linux-64/cairo-1.16.0-h6cf1ce9_1008.tar.bz2
https://conda.anaconda.org/conda-forge/linux-64/certifi-2021.10.8-py37h89c1867_1.tar.bz2
https://conda.anaconda.org/conda-forge/linux-64/cffi-1.15.0-py37h036bc23_0.tar.bz2
https://conda.anaconda.org/conda-forge/linux-64/cfitsio-3.470-hb418390_7.tar.bz2
https://conda.anaconda.org/conda-forge/noarch/click-plugins-1.1.1-py_0.tar.bz2
https://conda.anaconda.org/conda-forge/noarch/cligj-0.7.2-pyhd8ed1ab_1.tar.bz2
https://conda.anaconda.org/conda-forge/linux-64/colorlog-6.6.0-py37h89c1867_0.tar.bz2
https://conda.anaconda.org/conda-forge/linux-64/curl-7.81.0-h2574ce0_0.tar.bz2
https://conda.anaconda.org/conda-forge/linux-64/cytoolz-0.11.2-py37h5e8e339_1.tar.bz2
https://conda.anaconda.org/conda-forge/linux-64/debugpy-1.5.1-py37hcd2ae1e_0.tar.bz2
https://conda.anaconda.org/conda-forge/linux-64/fastavro-1.4.9-py37h5e8e339_0.tar.bz2
https://conda.anaconda.org/conda-forge/linux-64/fastrlock-0.8-py37hcd2ae1e_1.tar.bz2
https://conda.anaconda.org/conda-forge/linux-64/frozenlist-1.2.0-py37h5e8e339_1.tar.bz2
https://conda.anaconda.org/conda-forge/linux-64/future-0.18.2-py37h89c1867_4.tar.bz2
https://conda.anaconda.org/conda-forge/linux-64/greenlet-1.1.2-py37hcd2ae1e_1.tar.bz2
https://conda.anaconda.org/conda-forge/linux-64/hdf5-1.12.1-nompi_h2750804_103.tar.bz2
https://conda.anaconda.org/conda-forge/linux-64/importlib-metadata-4.10.1-py37h89c1867_0.tar.bz2
https://conda.anaconda.org/conda-forge/noarch/importlib_resources-5.4.0-pyhd8ed1ab_0.tar.bz2
https://conda.anaconda.org/conda-forge/linux-64/jedi-0.18.1-py37h89c1867_0.tar.bz2
https://conda.anaconda.org/conda-forge/linux-64/jupyter_core-4.9.1-py37h89c1867_1.tar.bz2
https://conda.anaconda.org/conda-forge/linux-64/kiwisolver-1.3.2-py37h2527ec5_1.tar.bz2
https://conda.anaconda.org/conda-forge/linux-64/librdkafka-1.6.1-hc49e61c_1.tar.bz2
https://conda.anaconda.org/conda-forge/linux-64/llvmlite-0.38.0-py37h9d7f4d0_0.tar.bz2
https://conda.anaconda.org/conda-forge/linux-64/markupsafe-2.0.1-py37h5e8e339_1.tar.bz2
https://conda.anaconda.org/conda-forge/noarch/matplotlib-inline-0.1.3-pyhd8ed1ab_0.tar.bz2
https://conda.anaconda.org/conda-forge/linux-64/mistune-0.8.4-py37h5e8e339_1005.tar.bz2
https://conda.anaconda.org/conda-forge/linux-64/msgpack-python-1.0.3-py37h2527ec5_0.tar.bz2
https://conda.anaconda.org/conda-forge/linux-64/multidict-5.2.0-py37h5e8e339_1.tar.bz2
https://conda.anaconda.org/conda-forge/noarch/multipledispatch-0.6.0-py_0.tar.bz2
https://conda.anaconda.org/conda-forge/linux-64/numpy-1.21.5-py37hf2998dd_0.tar.bz2
https://conda.anaconda.org/conda-forge/linux-64/nvtx-0.2.3-py37h5e8e339_1.tar.bz2
https://conda.anaconda.org/conda-forge/noarch/packaging-21.3-pyhd8ed1ab_0.tar.bz2
https://conda.anaconda.org/conda-forge/noarch/partd-1.2.0-pyhd8ed1ab_0.tar.bz2
https://conda.anaconda.org/conda-forge/noarch/pexpect-4.8.0-pyh9f0ad1d_2.tar.bz2
https://conda.anaconda.org/conda-forge/linux-64/pickle5-0.0.12-py37h5e8e339_0.tar.bz2
https://conda.anaconda.org/conda-forge/linux-64/pillow-8.4.0-py37h0f21c89_0.tar.bz2
https://conda.anaconda.org/conda-forge/noarch/plotly-5.5.0-pyhd8ed1ab_0.tar.bz2
https://conda.anaconda.org/conda-forge/linux-64/postgresql-13.5-h2510834_1.tar.bz2
https://conda.anaconda.org/conda-forge/linux-64/proj-8.0.1-h277dcde_0.tar.bz2
https://conda.anaconda.org/conda-forge/linux-64/psutil-5.9.0-py37h5e8e339_0.tar.bz2
https://conda.anaconda.org/conda-forge/noarch/pyct-core-0.4.6-py_0.tar.bz2
https://conda.anaconda.org/conda-forge/linux-64/pymongo-4.0.1-py37hcd2ae1e_0.tar.bz2
https://conda.anaconda.org/conda-forge/linux-64/pyqt5-sip-4.19.18-py37hcd2ae1e_8.tar.bz2
https://conda.anaconda.org/conda-forge/linux-64/pyrsistent-0.18.1-py37h5e8e339_0.tar.bz2
https://conda.anaconda.org/conda-forge/linux-64/pysocks-1.7.1-py37h89c1867_4.tar.bz2
https://conda.anaconda.org/conda-forge/noarch/python-dateutil-2.8.2-pyhd8ed1ab_0.tar.bz2
https://conda.anaconda.org/conda-forge/noarch/pyviz_comms-2.1.0-pyhd8ed1ab_0.tar.bz2
https://conda.anaconda.org/conda-forge/linux-64/pyyaml-6.0-py37h5e8e339_3.tar.bz2
https://conda.anaconda.org/conda-forge/linux-64/pyzmq-22.3.0-py37h336d617_1.tar.bz2
https://conda.anaconda.org/conda-forge/linux-64/qt-5.12.9-hda022c4_4.tar.bz2
https://conda.anaconda.org/conda-forge/linux-64/rtree-0.9.7-py37h0b55af0_3.tar.bz2
https://conda.anaconda.org/conda-forge/linux-64/ruamel.yaml.clib-0.2.6-py37h5e8e339_0.tar.bz2
https://conda.anaconda.org/conda-forge/linux-64/simplejson-3.17.6-py37h5e8e339_0.tar.bz2
https://conda.anaconda.org/conda-forge/linux-64/sniffio-1.2.0-py37h89c1867_2.tar.bz2
https://conda.anaconda.org/conda-forge/linux-64/tornado-6.1-py37h5e8e339_2.tar.bz2
https://conda.anaconda.org/conda-forge/noarch/tqdm-4.62.3-pyhd8ed1ab_0.tar.bz2
https://conda.anaconda.org/conda-forge/noarch/traittypes-0.2.1-pyh9f0ad1d_2.tar.bz2
https://conda.anaconda.org/conda-forge/noarch/typing-extensions-4.1.1-hd8ed1ab_0.tar.bz2
https://conda.anaconda.org/conda-forge/linux-64/unicodedata2-14.0.0-py37h5e8e339_0.tar.bz2
https://conda.anaconda.org/conda-forge/linux-64/websockets-9.1-py37h5e8e339_0.tar.bz2
https://conda.anaconda.org/conda-forge/linux-64/wrapt-1.13.3-py37h5e8e339_1.tar.bz2
https://conda.anaconda.org/conda-forge/noarch/zict-2.0.0-py_0.tar.bz2
https://conda.anaconda.org/conda-forge/noarch/aiosignal-1.2.0-pyhd8ed1ab_0.tar.bz2
https://conda.anaconda.org/conda-forge/linux-64/anyio-3.5.0-py37h89c1867_0.tar.bz2
https://conda.anaconda.org/conda-forge/linux-64/argon2-cffi-bindings-21.2.0-py37h5e8e339_1.tar.bz2
https://conda.anaconda.org/conda-forge/noarch/async-timeout-4.0.2-pyhd8ed1ab_0.tar.bz2
https://conda.anaconda.org/conda-forge/linux-64/aws-crt-cpp-0.17.10-h6ab17b9_5.tar.bz2
https://conda.anaconda.org/conda-forge/linux-64/boost-1.74.0-py37h796e4cb_4.tar.bz2
https://conda.anaconda.org/conda-forge/linux-64/brotlipy-0.7.0-py37h5e8e339_1003.tar.bz2
https://conda.anaconda.org/conda-forge/linux-64/cftime-1.5.1.1-py37hb1e94ed_1.tar.bz2
https://conda.anaconda.org/conda-forge/noarch/cmaes-0.8.2-pyh44b312d_0.tar.bz2
https://conda.anaconda.org/conda-forge/linux-64/cryptography-36.0.1-py37hf1a17b8_0.tar.bz2
https://conda.anaconda.org/conda-forge/noarch/datashape-0.5.4-py_1.tar.bz2
https://conda.anaconda.org/conda-forge/noarch/deprecated-1.2.13-pyh6c4a22f_0.tar.bz2
https://conda.anaconda.org/conda-forge/linux-64/fonttools-4.28.5-py37h5e8e339_0.tar.bz2
https://conda.anaconda.org/conda-forge/linux-64/geotiff-1.7.0-h4f31c25_0.tar.bz2
https://conda.anaconda.org/conda-forge/linux-64/imagecodecs-2021.8.26-py37hfe5a812_1.tar.bz2
https://conda.anaconda.org/conda-forge/noarch/imageio-2.13.5-pyh239f2a4_0.tar.bz2
https://conda.anaconda.org/conda-forge/noarch/importlib_metadata-4.10.1-hd8ed1ab_0.tar.bz2
https://conda.anaconda.org/conda-forge/noarch/jinja2-3.0.3-pyhd8ed1ab_0.tar.bz2
https://conda.anaconda.org/conda-forge/noarch/jsonschema-4.4.0-pyhd8ed1ab_0.tar.bz2
https://conda.anaconda.org/conda-forge/noarch/jupyter_client-7.1.1-pyhd8ed1ab_0.tar.bz2
https://conda.anaconda.org/conda-forge/linux-64/kealib-1.4.14-h87e4c3c_3.tar.bz2
https://conda.anaconda.org/conda-forge/linux-64/libdap4-3.20.6-hd7c4107_2.tar.bz2
https://conda.anaconda.org/conda-forge/linux-64/libnetcdf-4.8.1-nompi_hb3fd0d9_101.tar.bz2
https://conda.anaconda.org/conda-forge/linux-64/libspatialite-5.0.1-h8694cbe_6.tar.bz2
https://conda.anaconda.org/conda-forge/noarch/mako-1.1.6-pyhd8ed1ab_0.tar.bz2
https://conda.anaconda.org/conda-forge/noarch/markdown-3.3.6-pyhd8ed1ab_0.tar.bz2
https://conda.anaconda.org/conda-forge/linux-64/poppler-21.09.0-ha39eefc_3.tar.bz2
https://conda.anaconda.org/conda-forge/linux-64/pyproj-3.1.0-py37h1939ec9_4.tar.bz2
https://conda.anaconda.org/conda-forge/linux-64/pyqt-impl-5.12.3-py37hac37412_8.tar.bz2
https://conda.anaconda.org/conda-forge/noarch/pystac-1.2.0-pyhd8ed1ab_0.tar.bz2
https://conda.anaconda.org/conda-forge/linux-64/python-confluent-kafka-1.6.0-py37h5e8e339_1.tar.bz2
https://conda.anaconda.org/conda-forge/linux-64/pywavelets-1.2.0-py37hb1e94ed_1.tar.bz2
https://conda.anaconda.org/conda-forge/linux-64/scipy-1.7.3-py37hf2a6cf1_0.tar.bz2
https://conda.anaconda.org/conda-forge/linux-64/setuptools-49.6.0-py37h89c1867_3.tar.bz2
https://conda.anaconda.org/conda-forge/linux-64/shapely-1.8.0-py37h48c49eb_0.tar.bz2
https://conda.anaconda.org/conda-forge/noarch/snuggs-1.4.7-py_0.tar.bz2
https://conda.anaconda.org/conda-forge/linux-64/sqlalchemy-1.4.29-py37h5e8e339_0.tar.bz2
https://conda.anaconda.org/conda-forge/linux-64/terminado-0.12.1-py37h89c1867_1.tar.bz2
https://conda.anaconda.org/rapidsai/linux-64/ucx-py-0.22.01-py37_gef2bbcf_33.tar.bz2
https://conda.anaconda.org/conda-forge/linux-64/yarl-1.7.2-py37h5e8e339_1.tar.bz2
https://conda.anaconda.org/conda-forge/linux-64/aiohttp-3.8.1-py37h5e8e339_0.tar.bz2
https://conda.anaconda.org/conda-forge/noarch/alembic-1.7.5-pyhd8ed1ab_0.tar.bz2
https://conda.anaconda.org/conda-forge/noarch/argon2-cffi-21.3.0-pyhd8ed1ab_0.tar.bz2
https://conda.anaconda.org/conda-forge/linux-64/aws-sdk-cpp-1.9.160-h36ff4c5_0.tar.bz2
https://conda.anaconda.org/conda-forge/noarch/backports.functools_lru_cache-1.6.4-pyhd8ed1ab_0.tar.bz2
https://conda.anaconda.org/conda-forge/noarch/bleach-4.1.0-pyhd8ed1ab_0.tar.bz2
https://conda.anaconda.org/conda-forge/linux-64/bokeh-2.4.0-py37h89c1867_0.tar.bz2
https://conda.anaconda.org/conda-forge/noarch/branca-0.4.2-pyhd8ed1ab_0.tar.bz2
https://conda.anaconda.org/conda-forge/linux-64/cupy-9.6.0-py37h580ddce_0.tar.bz2
https://conda.anaconda.org/conda-forge/noarch/dask-core-2021.9.1-pyhd8ed1ab_0.tar.bz2
https://conda.anaconda.org/conda-forge/noarch/joblib-1.1.0-pyhd8ed1ab_0.tar.bz2
https://conda.anaconda.org/conda-forge/linux-64/libgdal-3.3.2-hd2dd7ad_2.tar.bz2
https://conda.anaconda.org/conda-forge/linux-64/matplotlib-base-3.5.1-py37h1058ff1_0.tar.bz2
https://conda.anaconda.org/conda-forge/noarch/munch-2.5.0-py_0.tar.bz2
https://conda.anaconda.org/conda-forge/noarch/nbformat-5.1.3-pyhd8ed1ab_0.tar.bz2
https://conda.anaconda.org/conda-forge/linux-64/netcdf4-1.5.8-nompi_py37hf784469_101.tar.bz2
https://conda.anaconda.org/conda-forge/linux-64/numba-0.55.0-py37h2d894fd_0.tar.bz2
https://conda.anaconda.org/conda-forge/noarch/palettable-3.3.0-py_0.tar.bz2
https://conda.anaconda.org/conda-forge/linux-64/pandas-1.3.5-py37he8f5f7f_0.tar.bz2
https://conda.anaconda.org/conda-forge/noarch/patsy-0.5.2-pyhd8ed1ab_0.tar.bz2
https://conda.anaconda.org/conda-forge/noarch/pip-21.3.1-pyhd8ed1ab_0.tar.bz2
https://conda.anaconda.org/conda-forge/linux-64/protobuf-3.19.3-py37hcd2ae1e_0.tar.bz2
https://conda.anaconda.org/conda-forge/noarch/pygments-2.11.2-pyhd8ed1ab_0.tar.bz2
https://conda.anaconda.org/conda-forge/noarch/pyopenssl-21.0.0-pyhd8ed1ab_0.tar.bz2
https://conda.anaconda.org/conda-forge/linux-64/pyqtchart-5.12-py37he336c9b_8.tar.bz2
https://conda.anaconda.org/conda-forge/linux-64/pyqtwebengine-5.12.1-py37he336c9b_8.tar.bz2
https://conda.anaconda.org/conda-forge/linux-64/ruamel.yaml-0.17.19-py37h5e8e339_0.tar.bz2
https://conda.anaconda.org/conda-forge/noarch/streamz-0.6.3-pyh6c4a22f_0.tar.bz2
https://conda.anaconda.org/conda-forge/noarch/tifffile-2021.11.2-pyhd8ed1ab_0.tar.bz2
https://conda.anaconda.org/conda-forge/linux-64/treelite-2.1.0-py37h4b3d254_0.tar.bz2
https://conda.anaconda.org/conda-forge/noarch/whitebox-2.0.3-pyhd8ed1ab_0.tar.bz2
https://conda.anaconda.org/conda-forge/linux-64/arrow-cpp-5.0.0-py37h6ab10f6_20_cuda.tar.bz2
https://conda.anaconda.org/conda-forge/linux-64/basemap-1.2.2-py37hbe109c4_4.tar.bz2
https://conda.anaconda.org/conda-forge/linux-64/cartopy-0.20.0-py37hbe109c4_0.tar.bz2
https://conda.anaconda.org/conda-forge/linux-64/catboost-1.0.4-py37h89c1867_1.tar.bz2
https://conda.anaconda.org/rapidsai/noarch/cusignal-21.10.00-py37_gff14a10_0.tar.bz2
https://conda.anaconda.org/conda-forge/noarch/descartes-1.1.0-py_4.tar.bz2
https://conda.anaconda.org/conda-forge/linux-64/distributed-2021.9.1-py37h89c1867_0.tar.bz2
https://conda.anaconda.org/conda-forge/linux-64/gdal-3.3.2-py37hd5a0ba4_2.tar.bz2
https://conda.anaconda.org/conda-forge/noarch/geopandas-base-0.9.0-pyhd8ed1ab_1.tar.bz2
https://conda.anaconda.org/conda-forge/noarch/jupyterlab_pygments-0.1.2-pyh9f0ad1d_0.tar.bz2
https://conda.anaconda.org/conda-forge/noarch/mizani-0.7.3-pyhd8ed1ab_0.tar.bz2
https://conda.anaconda.org/conda-forge/noarch/nbclient-0.5.10-pyhd8ed1ab_1.tar.bz2
https://conda.anaconda.org/conda-forge/noarch/networkx-2.6.3-pyhd8ed1ab_1.tar.bz2
https://conda.anaconda.org/conda-forge/noarch/pbr-5.8.0-pyhd8ed1ab_1.tar.bz2
https://conda.anaconda.org/conda-forge/linux-64/pyqt-5.12.3-py37h89c1867_8.tar.bz2
https://conda.anaconda.org/conda-forge/noarch/python-box-5.4.1-pyhd8ed1ab_0.tar.bz2
https://conda.anaconda.org/conda-forge/linux-64/rasterio-1.2.8-py37hc20819c_0.tar.bz2
https://conda.anaconda.org/rapidsai/linux-64/rmm-21.10.01-cuda_11.0_py37_gc54767f_0.tar.bz2
https://conda.anaconda.org/conda-forge/linux-64/scikit-learn-1.0.2-py37hf9e9bfc_0.tar.bz2
https://conda.anaconda.org/conda-forge/noarch/seaborn-base-0.11.2-pyhd8ed1ab_0.tar.bz2
https://conda.anaconda.org/conda-forge/linux-64/statsmodels-0.13.1-py37hb1e94ed_0.tar.bz2
https://conda.anaconda.org/conda-forge/noarch/urllib3-1.26.8-pyhd8ed1ab_1.tar.bz2
https://conda.anaconda.org/conda-forge/noarch/wcwidth-0.2.5-pyh9f0ad1d_2.tar.bz2
https://conda.anaconda.org/conda-forge/noarch/xarray-0.20.2-pyhd8ed1ab_0.tar.bz2
https://conda.anaconda.org/conda-forge/linux-64/cmd2-2.3.3-py37h89c1867_1.tar.bz2
https://conda.anaconda.org/conda-forge/noarch/dask-2021.9.1-pyhd8ed1ab_0.tar.bz2
https://conda.anaconda.org/conda-forge/linux-64/fiona-1.8.20-py37hb7e2723_2.tar.bz2
https://conda.anaconda.org/conda-forge/noarch/hyperopt-0.2.5-pyh9f0ad1d_0.tar.bz2
https://conda.anaconda.org/rapidsai/linux-64/libcudf-21.10.01-cuda11.0_ga1d2d13a14_0.tar.bz2
https://conda.anaconda.org/conda-forge/noarch/mapclassify-2.4.3-pyhd8ed1ab_0.tar.bz2
https://conda.anaconda.org/conda-forge/linux-64/matplotlib-3.5.1-py37h89c1867_0.tar.bz2
https://conda.anaconda.org/conda-forge/linux-64/nbconvert-6.4.0-py37h89c1867_0.tar.bz2
https://conda.anaconda.org/conda-forge/noarch/parquet-cpp-1.5.1-2.tar.bz2
https://conda.anaconda.org/conda-forge/noarch/plotnine-0.8.0-pyhd8ed1ab_0.tar.bz2
https://conda.anaconda.org/conda-forge/noarch/prettytable-3.0.0-pyhd8ed1ab_0.tar.bz2
https://conda.anaconda.org/conda-forge/noarch/prompt-toolkit-3.0.24-pyha770c72_0.tar.bz2
https://conda.anaconda.org/rapidsai/linux-64/py-xgboost-1.4.2dev.rapidsai21.10-cuda11.0py37_0.tar.bz2
https://conda.anaconda.org/conda-forge/noarch/pyppeteer-0.2.6-pyhd8ed1ab_0.tar.bz2
https://conda.anaconda.org/conda-forge/noarch/requests-2.27.1-pyhd8ed1ab_0.tar.bz2
https://conda.anaconda.org/conda-forge/noarch/rioxarray-0.9.1-pyhd8ed1ab_0.tar.bz2
https://conda.anaconda.org/conda-forge/noarch/seaborn-0.11.2-hd8ed1ab_0.tar.bz2
https://conda.anaconda.org/conda-forge/linux-64/stevedore-3.5.0-py37h89c1867_2.tar.bz2
https://conda.anaconda.org/conda-forge/noarch/cliff-3.10.0-pyhd8ed1ab_0.tar.bz2
https://conda.anaconda.org/rapidsai/linux-64/dask-cuda-21.10.00-py37_0.tar.bz2
https://conda.anaconda.org/conda-forge/noarch/folium-0.12.1.post1-pyhd8ed1ab_1.tar.bz2
https://conda.anaconda.org/conda-forge/noarch/geopandas-0.9.0-pyhd8ed1ab_1.tar.bz2
https://conda.anaconda.org/conda-forge/noarch/googledrivedownloader-0.4-pyhd3deb0d_1.tar.bz2
https://conda.anaconda.org/conda-forge/linux-64/ipython-7.31.0-py37h89c1867_0.tar.bz2
https://conda.anaconda.org/conda-forge/noarch/jupyter_server-1.13.3-pyhd8ed1ab_0.tar.bz2
https://conda.anaconda.org/rapidsai/linux-64/libcudf_kafka-21.10.01-ga1d2d13a14_0.tar.bz2
https://conda.anaconda.org/rapidsai/linux-64/libcuspatial-21.10.00-cuda11.0_gba20298_0.tar.bz2
https://conda.anaconda.org/conda-forge/noarch/owslib-0.25.0-pyhd8ed1ab_0.tar.bz2
https://conda.anaconda.org/conda-forge/noarch/pooch-1.5.2-pyhd8ed1ab_0.tar.bz2
https://conda.anaconda.org/conda-forge/linux-64/pyarrow-5.0.0-py37h63cede7_20_cuda.tar.bz2
https://conda.anaconda.org/conda-forge/noarch/pyct-0.4.6-py_0.tar.bz2
https://conda.anaconda.org/conda-forge/noarch/pystac-client-0.3.2-pyhd8ed1ab_0.tar.bz2
https://conda.anaconda.org/conda-forge/noarch/rasterstats-0.16.0-pyhd8ed1ab_0.tar.bz2
https://conda.anaconda.org/rapidsai/linux-64/xgboost-1.4.2dev.rapidsai21.10-cuda11.0py37_0.tar.bz2
https://conda.anaconda.org/conda-forge/noarch/colorcet-3.0.0-pyhd8ed1ab_0.tar.bz2
https://conda.anaconda.org/rapidsai/linux-64/cudf-21.10.01-cuda_11.0_py37_ga1d2d13a14_0.tar.bz2
https://conda.anaconda.org/conda-forge/linux-64/ipykernel-6.7.0-py37h6531663_0.tar.bz2
https://conda.anaconda.org/conda-forge/noarch/jupyter-server-proxy-3.2.0-pyhd8ed1ab_0.tar.bz2
https://conda.anaconda.org/conda-forge/noarch/jupyterlab_server-2.10.3-pyhd8ed1ab_0.tar.bz2
https://conda.anaconda.org/conda-forge/noarch/optuna-2.10.0-pyhd8ed1ab_0.tar.bz2
https://conda.anaconda.org/conda-forge/noarch/panel-0.12.4-pyhd8ed1ab_0.tar.bz2
https://conda.anaconda.org/conda-forge/noarch/pysal-2.1.0-py_0.tar.bz2
https://conda.anaconda.org/rapidsai/linux-64/rapids-xgboost-21.10.00-cuda11.0_py37_ge66f011_114.tar.bz2
https://conda.anaconda.org/conda-forge/linux-64/scikit-image-0.18.1-py37hdc94413_0.tar.bz2
https://conda.anaconda.org/rapidsai/linux-64/cucim-21.10.00-cuda_11.0_py37_gd7ac21f_0.tar.bz2
https://conda.anaconda.org/rapidsai/linux-64/cudf_kafka-21.10.01-py37_ga1d2d13a14_0.tar.bz2
https://conda.anaconda.org/rapidsai/linux-64/cuspatial-21.10.00-py37_gba20298_0.tar.bz2
https://conda.anaconda.org/rapidsai/linux-64/dask-cudf-21.10.01-py37_ga1d2d13a14_0.tar.bz2
https://conda.anaconda.org/conda-forge/noarch/datashader-0.11.1-pyh9f0ad1d_0.tar.bz2
https://conda.anaconda.org/conda-forge/noarch/holoviews-1.14.7-pyhd8ed1ab_0.tar.bz2
https://conda.anaconda.org/rapidsai/linux-64/libcuml-21.10.02-cuda11.0_gcd9251271_0.tar.bz2
https://conda.anaconda.org/conda-forge/noarch/notebook-6.4.7-pyha770c72_0.tar.bz2
https://conda.anaconda.org/rapidsai/linux-64/cugraph-21.10.00-cuda11.0_py37_g84617024_0.tar.bz2
https://conda.anaconda.org/rapidsai/linux-64/cuml-21.10.02-cuda11.0_py37_gcd9251271_0.tar.bz2
https://conda.anaconda.org/rapidsai/linux-64/custreamz-21.10.01-py37_ga1d2d13a14_0.tar.bz2
https://conda.anaconda.org/conda-forge/noarch/geoviews-core-1.9.3-pyha770c72_0.tar.bz2
https://conda.anaconda.org/conda-forge/noarch/hvplot-0.7.3-pyh6c4a22f_0.tar.bz2
https://conda.anaconda.org/conda-forge/noarch/nbclassic-0.3.5-pyhd8ed1ab_0.tar.bz2
https://conda.anaconda.org/conda-forge/linux-64/widgetsnbextension-3.5.2-py37h89c1867_1.tar.bz2
https://conda.anaconda.org/conda-forge/noarch/geoviews-1.9.3-pyhd8ed1ab_0.tar.bz2
https://conda.anaconda.org/conda-forge/noarch/ipywidgets-7.6.5-pyhd8ed1ab_0.tar.bz2
https://conda.anaconda.org/conda-forge/noarch/jupyterlab-3.2.8-pyhd8ed1ab_0.tar.bz2
https://conda.anaconda.org/conda-forge/noarch/bqplot-0.12.32-pyhd8ed1ab_0.tar.bz2
https://conda.anaconda.org/conda-forge/noarch/here-map-widget-for-jupyter-1.1.3-pyhd8ed1ab_0.tar.bz2
https://conda.anaconda.org/conda-forge/noarch/ipydatawidgets-4.2.0-pyhd3deb0d_0.tar.bz2
https://conda.anaconda.org/conda-forge/noarch/ipyevents-2.0.1-pyhd8ed1ab_0.tar.bz2
https://conda.anaconda.org/conda-forge/noarch/ipyfilechooser-0.6.0-pyhd8ed1ab_0.tar.bz2
https://conda.anaconda.org/conda-forge/noarch/ipyleaflet-0.15.0-pyhd8ed1ab_3.tar.bz2
https://conda.anaconda.org/conda-forge/noarch/ipympl-0.8.6-pyhd8ed1ab_0.tar.bz2
https://conda.anaconda.org/conda-forge/noarch/ipytree-0.2.1-pyhd8ed1ab_0.tar.bz2
https://conda.anaconda.org/conda-forge/noarch/pydeck-0.5.0-pyh9f0ad1d_0.tar.bz2
https://conda.anaconda.org/rapidsai/linux-64/cuxfilter-21.10.00-py37_g003d3d6_0.tar.bz2
https://conda.anaconda.org/conda-forge/noarch/pythreejs-2.3.0-pyhd8ed1ab_0.tar.bz2
https://conda.anaconda.org/conda-forge/noarch/whiteboxgui-0.6.0-pyhd8ed1ab_0.tar.bz2
https://conda.anaconda.org/conda-forge/noarch/leafmap-0.7.2-pyhd8ed1ab_0.tar.bz2
https://conda.anaconda.org/rapidsai/linux-64/rapids-21.10.00-cuda11.0_py37_ge66f011_114.tar.bz2
